<?xml version="1.0" encoding="UTF-8"?>
<testsuites>
  <testsuite id="0" name="C:\Users\manglide\projects\reactjs-projects\9f062059-da63-4a74-a47f-95167af440a9\src\tests\App.test.js" errors="0" package="C:\Users\manglide\projects\reactjs-projects\9f062059-da63-4a74-a47f-95167af440a9\src\tests\App.test.js" hostname="localhost" tests="3" failures="0" time="3.59" timestamp="2020-02-15T19:00:10">
    <properties>
    </properties>
    <testcase classname="DateAPI &lt;App /&gt;" name="complete app renders without crashing" time="0">
    </testcase>
    <testcase classname="DateAPI &lt;App /&gt;" name="check if service is used to fetch data from the API" time="0">
    </testcase>
    <testcase classname="DateAPI &lt;App /&gt;" name="check if button click splits and displays the date" time="0">
    </testcase>
    <system-out/>
    <system-err/>
  </testsuite>
</testsuites>